#
# A fatal error has been detected by the Java Runtime Environment:
#
#  EXCEPTION_ACCESS_VIOLATION (0xc0000005) at pc=0x00040002, pid=7464, tid=12276
#
# JRE version: 7.0_04-b22
# Java VM: Java HotSpot(TM) Client VM (23.0-b21 mixed mode, sharing windows-x86 )
# Problematic frame:
# C  0x00040002
#
# Failed to write core dump. Minidumps are not enabled by default on client versions of Windows
#
# If you would like to submit a bug report, please visit:
#   http://bugreport.sun.com/bugreport/crash.jsp
# The crash happened outside the Java Virtual Machine in native code.
# See problematic frame for where to report the bug.
#

---------------  T H R E A D  ---------------

Current thread (0x0264a800):  JavaThread "main" [_thread_in_native, id=12276, stack(0x00090000,0x00190000)]

siginfo: ExceptionCode=0xc0000005, writing address 0x73230092

Registers:
EAX=0x73230092, EBX=0x0018dc44, ECX=0x09dbc518, EDX=0xfffffffe
ESP=0x0018dbb8, EBP=0x0018dbe8, ESI=0x733a33dc, EDI=0x0018027f
EIP=0x00040002, EFLAGS=0x00210282

Top of Stack: (sp=0x0018dbb8)
0x0018dbb8:   7326ddf7 00000000 065a26d8 00000000
0x0018dbc8:   00000000 0018dbc8 00000000 065a223c
0x0018dbd8:   fffff3c0 0000043f 0018067f 0018027f
0x0018dbe8:   0018dc14 058f53c5 065a2230 19f82330
0x0018dbf8:   00000007 09dbc518 0d800020 00000000
0x0018dc08:   00000000 0018dc44 0264a928 0018dc68
0x0018dc18:   058f5acf 19f82330 00000007 09d8a048
0x0018dc28:   0d800020 00000000 00000000 0018dc44 

Instructions: (pc=0x00040002)
0x0003ffe2:   
[error occurred during error reporting (printing registers, top of stack, instructions near pc), id 0xc0000005]

Register to memory mapping:

EAX=0x73230092 is an unknown value
EBX=0x0018dc44 is pointing into the stack for thread: 0x0264a800
ECX=0x09dbc518 is an unknown value
EDX=0xfffffffe is an unknown value
ESP=0x0018dbb8 is pointing into the stack for thread: 0x0264a800
EBP=0x0018dbe8 is pointing into the stack for thread: 0x0264a800
ESI=0x733a33dc is an unknown value
EDI=0x0018027f is pointing into the stack for thread: 0x0264a800


Stack: [0x00090000,0x00190000],  sp=0x0018dbb8,  free space=1014k
Native frames: (J=compiled Java code, j=interpreted, Vv=VM code, C=native code)
C  0x00040002
C  [swt-gdip-win32-3740.dll+0x53c5]  Java_org_eclipse_swt_internal_gdip_Gdip_GraphicsPath_1new___3I_3BII+0x21b
C  [swt-gdip-win32-3740.dll+0x5acf]  Java_org_eclipse_swt_internal_gdip_Gdip_Graphics_1MeasureDriverString+0x109
J  org.eclipse.swt.internal.gdip.Gdip.Graphics_MeasureDriverString(IIII[FIILorg/eclipse/swt/internal/gdip/RectF;)I
J  org.eclipse.swt.graphics.GC.drawText(I[CIIIIIILorg/eclipse/swt/internal/win32/TEXTMETRIC;Z)Lorg/eclipse/swt/internal/gdip/RectF;
j  org.xmind.gef.draw2d.RotatableWrapLabel.getPreferredSize(II)Lorg/eclipse/draw2d/geometry/Dimension;+87
j  org.eclipse.draw2d.ToolbarLayout.getChildPreferredSize(Lorg/eclipse/draw2d/IFigure;II)Lorg/eclipse/draw2d/geometry/Dimension;+3
j  org.eclipse.draw2d.ToolbarLayout.calculateChildrenSize(Ljava/util/List;IIZ)Lorg/eclipse/draw2d/geometry/Dimension;+39
j  org.eclipse.draw2d.ToolbarLayout.calculatePreferredSize(Lorg/eclipse/draw2d/IFigure;II)Lorg/eclipse/draw2d/geometry/Dimension;+68
J  org.eclipse.draw2d.AbstractHintLayout.getPreferredSize(Lorg/eclipse/draw2d/IFigure;II)Lorg/eclipse/draw2d/geometry/Dimension;
J  org.eclipse.draw2d.AbstractHintLayout.getPreferredSize(Lorg/eclipse/draw2d/IFigure;II)Lorg/eclipse/draw2d/geometry/Dimension;
j  org.eclipse.draw2d.FlowLayout.calculatePreferredSize(Lorg/eclipse/draw2d/IFigure;II)Lorg/eclipse/draw2d/geometry/Dimension;+123
J  org.eclipse.draw2d.AbstractHintLayout.getPreferredSize(Lorg/eclipse/draw2d/IFigure;II)Lorg/eclipse/draw2d/geometry/Dimension;
J  org.eclipse.draw2d.AbstractHintLayout.getMinimumSize(Lorg/eclipse/draw2d/IFigure;II)Lorg/eclipse/draw2d/geometry/Dimension;
J  org.eclipse.draw2d.AbstractHintLayout.getPreferredSize(Lorg/eclipse/draw2d/IFigure;II)Lorg/eclipse/draw2d/geometry/Dimension;
J  org.eclipse.draw2d.DeferredUpdateManager.performValidation()V
j  org.xmind.ui.internal.dialogs.NewWorkbookWizardDialog.openWizard(Lorg/eclipse/ui/IWorkbenchWindow;Z)I+75
j  org.xmind.ui.internal.actions.NewWorkbookWizardAction.run()V+12
j  org.eclipse.jface.action.Action.runWithEvent(Lorg/eclipse/swt/widgets/Event;)V+1
j  org.eclipse.jface.commands.ActionHandler.execute(Lorg/eclipse/core/commands/ExecutionEvent;)Ljava/lang/Object;+73
j  org.eclipse.core.commands.Command.executeWithChecks(Lorg/eclipse/core/commands/ExecutionEvent;)Ljava/lang/Object;+115
j  org.eclipse.core.commands.ParameterizedCommand.executeWithChecks(Ljava/lang/Object;Ljava/lang/Object;)Ljava/lang/Object;+21
j  org.eclipse.ui.internal.handlers.HandlerService.executeCommand(Lorg/eclipse/core/commands/ParameterizedCommand;Lorg/eclipse/swt/widgets/Event;)Ljava/lang/Object;+6
j  org.eclipse.ui.internal.keys.WorkbenchKeyboard.executeCommand(Lorg/eclipse/jface/bindings/Binding;Lorg/eclipse/swt/widgets/Event;)Z+210
J  org.eclipse.ui.internal.keys.WorkbenchKeyboard.press(Ljava/util/List;Lorg/eclipse/swt/widgets/Event;)Z
j  org.eclipse.ui.internal.keys.WorkbenchKeyboard.filterKeySequenceBindings(Lorg/eclipse/swt/widgets/Event;)V+165
j  org.eclipse.ui.internal.keys.WorkbenchKeyboard.access$3(Lorg/eclipse/ui/internal/keys/WorkbenchKeyboard;Lorg/eclipse/swt/widgets/Event;)V+2
j  org.eclipse.ui.internal.keys.WorkbenchKeyboard$KeyDownFilter.handleEvent(Lorg/eclipse/swt/widgets/Event;)V+177
J  org.eclipse.swt.widgets.EventTable.sendEvent(Lorg/eclipse/swt/widgets/Event;)V
j  org.eclipse.swt.widgets.Widget.sendKeyEvent(IIII)Z+32
j  org.eclipse.swt.widgets.Widget.wmChar(III)Lorg/eclipse/swt/internal/win32/LRESULT;+61
j  org.eclipse.swt.widgets.Control.WM_CHAR(II)Lorg/eclipse/swt/internal/win32/LRESULT;+7
j  org.eclipse.swt.widgets.Canvas.WM_CHAR(II)Lorg/eclipse/swt/internal/win32/LRESULT;+3
J  org.eclipse.swt.widgets.Control.windowProc(IIII)I
V  [jvm.dll+0x1296da]
V  [jvm.dll+0x1d837e]
V  [jvm.dll+0x12975d]
V  [jvm.dll+0xae4aa]
V  [jvm.dll+0xb0803]
C  [swt-win32-3740.dll+0x122f]  Java_org_eclipse_swt_internal_Callback_reset+0x1a8
C  0x056f0018
C  [USER32.dll+0x162fa]  gapfnScSendMessage+0x332
C  [USER32.dll+0x16d3a]  GetThreadDesktop+0xd7
C  [USER32.dll+0x177c4]  CharPrevW+0x138
C  [USER32.dll+0x1788a]  DispatchMessageW+0xf
C  [swt-win32-3740.dll+0x39da]  Java_org_eclipse_swt_internal_win32_OS_DispatchMessageW+0x31
J  org.eclipse.swt.internal.win32.OS.DispatchMessageW(Lorg/eclipse/swt/internal/win32/MSG;)I
J  org.eclipse.swt.widgets.Display.readAndDispatch()Z
j  org.eclipse.ui.internal.Workbench.access$4(Lorg/eclipse/ui/internal/Workbench;)I+1
j  org.eclipse.ui.internal.Workbench$7.run()V+73
j  org.eclipse.core.databinding.observable.Realm.runWithDefault(Lorg/eclipse/core/databinding/observable/Realm;Ljava/lang/Runnable;)V+12
j  org.eclipse.ui.internal.Workbench.createAndRunWorkbench(Lorg/eclipse/swt/widgets/Display;Lorg/eclipse/ui/application/WorkbenchAdvisor;)I+18
j  org.eclipse.ui.PlatformUI.createAndRunWorkbench(Lorg/eclipse/swt/widgets/Display;Lorg/eclipse/ui/application/WorkbenchAdvisor;)I+2
j  org.xmind.cathy.internal.CathyApplication.start(Lorg/eclipse/equinox/app/IApplicationContext;)Ljava/lang/Object;+80
j  org.eclipse.equinox.internal.app.EclipseAppHandle.run(Ljava/lang/Object;)Ljava/lang/Object;+135
j  org.eclipse.core.runtime.internal.adaptor.EclipseAppLauncher.runApplication(Ljava/lang/Object;)Ljava/lang/Object;+103
j  org.eclipse.core.runtime.internal.adaptor.EclipseAppLauncher.start(Ljava/lang/Object;)Ljava/lang/Object;+29
j  org.eclipse.core.runtime.adaptor.EclipseStarter.run(Ljava/lang/Object;)Ljava/lang/Object;+149
j  org.eclipse.core.runtime.adaptor.EclipseStarter.run([Ljava/lang/String;Ljava/lang/Runnable;)Ljava/lang/Object;+183
v  ~StubRoutines::call_stub
V  [jvm.dll+0x1296da]
V  [jvm.dll+0x1d837e]
V  [jvm.dll+0x12975d]
V  [jvm.dll+0x13472e]
V  [jvm.dll+0x134a2e]
V  [jvm.dll+0xd43f9]
C  [java.dll+0x7dc2]  Java_sun_reflect_NativeMethodAccessorImpl_invoke0+0x15
j  sun.reflect.NativeMethodAccessorImpl.invoke(Ljava/lang/Object;[Ljava/lang/Object;)Ljava/lang/Object;+87
j  sun.reflect.DelegatingMethodAccessorImpl.invoke(Ljava/lang/Object;[Ljava/lang/Object;)Ljava/lang/Object;+6
j  java.lang.reflect.Method.invoke(Ljava/lang/Object;[Ljava/lang/Object;)Ljava/lang/Object;+57
j  org.eclipse.equinox.launcher.Main.invokeFramework([Ljava/lang/String;[Ljava/net/URL;)V+211
j  org.eclipse.equinox.launcher.Main.basicRun([Ljava/lang/String;)V+126
j  org.eclipse.equinox.launcher.Main.run([Ljava/lang/String;)I+4
v  ~StubRoutines::call_stub
V  [jvm.dll+0x1296da]
V  [jvm.dll+0x1d837e]
V  [jvm.dll+0x12975d]
V  [jvm.dll+0xae4aa]
V  [jvm.dll+0xb063f]
C  [eclipse_1406.dll+0x624b]  Java_org_eclipse_equinox_launcher_JNIBridge__1takedown_1splash+0x515
C  [eclipse_1406.dll+0x532e]  runW+0x430f
C  [eclipse_1406.dll+0x15cb]  runW+0x5ac
C  [XMind.exe+0x1425]
C  [XMind.exe+0x1010]
C  [XMind.exe+0x30d9]
C  [kernel32.dll+0x1339a]  BaseThreadInitThunk+0x12
C  [ntdll.dll+0x39ef2]  RtlInitializeExceptionChain+0x63
C  [ntdll.dll+0x39ec5]  RtlInitializeExceptionChain+0x36

Java frames: (J=compiled Java code, j=interpreted, Vv=VM code)
J  org.eclipse.swt.internal.gdip.Gdip.Graphics_MeasureDriverString(IIII[FIILorg/eclipse/swt/internal/gdip/RectF;)I
J  org.eclipse.swt.graphics.GC.drawText(I[CIIIIIILorg/eclipse/swt/internal/win32/TEXTMETRIC;Z)Lorg/eclipse/swt/internal/gdip/RectF;
J  org.eclipse.swt.graphics.GC.drawText(ILjava/lang/String;IIILorg/eclipse/swt/graphics/Point;)V
J  org.eclipse.swt.graphics.GC.textExtent(Ljava/lang/String;I)Lorg/eclipse/swt/graphics/Point;
J  org.xmind.gef.draw2d.RotatableWrapLabel.getLooseTextSize(Ljava/lang/String;Lorg/eclipse/swt/graphics/Font;)Lorg/eclipse/draw2d/geometry/Dimension;
J  org.xmind.gef.draw2d.RotatableWrapLabel.getLineWrapPosition(Ljava/lang/String;Lorg/eclipse/swt/graphics/Font;D)I
J  org.xmind.gef.draw2d.RotatableWrapLabel.calculateAppliedText(D)Ljava/lang/String;
J  org.xmind.gef.draw2d.RotatableWrapLabel.calculateTextSize(I)Lorg/xmind/gef/draw2d/geometry/PrecisionDimension;
J  org.xmind.gef.draw2d.RotatableWrapLabel.getTextArea(I)Lorg/xmind/gef/draw2d/geometry/PrecisionRectangle;
J  org.xmind.gef.draw2d.RotatableWrapLabel.getNormalPreferredSize(II)Lorg/xmind/gef/draw2d/geometry/PrecisionDimension;
j  org.xmind.gef.draw2d.RotatableWrapLabel.calculateRotatedPreferredSize(II)Lorg/xmind/gef/draw2d/geometry/PrecisionDimension;+3
j  org.xmind.gef.draw2d.RotatableWrapLabel.getPreferredSize(II)Lorg/eclipse/draw2d/geometry/Dimension;+87
j  org.eclipse.draw2d.ToolbarLayout.getChildPreferredSize(Lorg/eclipse/draw2d/IFigure;II)Lorg/eclipse/draw2d/geometry/Dimension;+3
j  org.eclipse.draw2d.ToolbarLayout.calculateChildrenSize(Ljava/util/List;IIZ)Lorg/eclipse/draw2d/geometry/Dimension;+39
j  org.eclipse.draw2d.ToolbarLayout.calculatePreferredSize(Lorg/eclipse/draw2d/IFigure;II)Lorg/eclipse/draw2d/geometry/Dimension;+68
J  org.eclipse.draw2d.AbstractHintLayout.getPreferredSize(Lorg/eclipse/draw2d/IFigure;II)Lorg/eclipse/draw2d/geometry/Dimension;
J  org.eclipse.draw2d.Figure.getPreferredSize(II)Lorg/eclipse/draw2d/geometry/Dimension;
j  org.xmind.ui.gallery.FrameBorderLayout.calculatePreferredSize(Lorg/eclipse/draw2d/IFigure;II)Lorg/eclipse/draw2d/geometry/Dimension;+142
J  org.eclipse.draw2d.AbstractHintLayout.getPreferredSize(Lorg/eclipse/draw2d/IFigure;II)Lorg/eclipse/draw2d/geometry/Dimension;
J  org.eclipse.draw2d.Figure.getPreferredSize(II)Lorg/eclipse/draw2d/geometry/Dimension;
j  org.eclipse.draw2d.FlowLayout.getChildSize(Lorg/eclipse/draw2d/IFigure;II)Lorg/eclipse/draw2d/geometry/Dimension;+3
j  org.eclipse.draw2d.FlowLayout.calculatePreferredSize(Lorg/eclipse/draw2d/IFigure;II)Lorg/eclipse/draw2d/geometry/Dimension;+123
J  org.eclipse.draw2d.AbstractHintLayout.getPreferredSize(Lorg/eclipse/draw2d/IFigure;II)Lorg/eclipse/draw2d/geometry/Dimension;
j  org.eclipse.draw2d.AbstractHintLayout.calculateMinimumSize(Lorg/eclipse/draw2d/IFigure;II)Lorg/eclipse/draw2d/geometry/Dimension;+4
J  org.eclipse.draw2d.AbstractHintLayout.getMinimumSize(Lorg/eclipse/draw2d/IFigure;II)Lorg/eclipse/draw2d/geometry/Dimension;
J  org.eclipse.draw2d.Figure.getMinimumSize(II)Lorg/eclipse/draw2d/geometry/Dimension;
j  org.eclipse.draw2d.ViewportLayout.calculatePreferredSize(Lorg/eclipse/draw2d/IFigure;II)Lorg/eclipse/draw2d/geometry/Dimension;+107
J  org.eclipse.draw2d.AbstractHintLayout.getPreferredSize(Lorg/eclipse/draw2d/IFigure;II)Lorg/eclipse/draw2d/geometry/Dimension;
J  org.eclipse.draw2d.Figure.getPreferredSize(II)Lorg/eclipse/draw2d/geometry/Dimension;
J  org.eclipse.draw2d.ScrollPaneSolver.solve(Lorg/eclipse/draw2d/geometry/Rectangle;Lorg/eclipse/draw2d/Viewport;IIII)Lorg/eclipse/draw2d/ScrollPaneSolver$Result;
j  org.eclipse.draw2d.FigureCanvas.layoutViewport()V+50
J  org.eclipse.draw2d.DeferredUpdateManager.performValidation()V
J  org.eclipse.draw2d.DeferredUpdateManager.performUpdate()V
J  org.eclipse.draw2d.DeferredUpdateManager$UpdateRequest.run()V
J  org.eclipse.swt.widgets.Synchronizer.runAsyncMessages(Z)Z
J  org.eclipse.swt.widgets.Display.readAndDispatch()Z
J  org.eclipse.jface.window.Window.runEventLoop(Lorg/eclipse/swt/widgets/Shell;)V
j  org.eclipse.jface.window.Window.open()I+49
j  org.xmind.ui.internal.dialogs.NewWorkbookWizardDialog.openWizard(Lorg/eclipse/ui/IWorkbenchWindow;Z)I+75
j  org.xmind.ui.internal.actions.NewWorkbookWizardAction.run()V+12
j  org.eclipse.jface.action.Action.runWithEvent(Lorg/eclipse/swt/widgets/Event;)V+1
j  org.eclipse.jface.commands.ActionHandler.execute(Lorg/eclipse/core/commands/ExecutionEvent;)Ljava/lang/Object;+73
j  org.eclipse.core.commands.Command.executeWithChecks(Lorg/eclipse/core/commands/ExecutionEvent;)Ljava/lang/Object;+115
j  org.eclipse.core.commands.ParameterizedCommand.executeWithChecks(Ljava/lang/Object;Ljava/lang/Object;)Ljava/lang/Object;+21
j  org.eclipse.ui.internal.handlers.HandlerService.executeCommand(Lorg/eclipse/core/commands/ParameterizedCommand;Lorg/eclipse/swt/widgets/Event;)Ljava/lang/Object;+6
j  org.eclipse.ui.internal.keys.WorkbenchKeyboard.executeCommand(Lorg/eclipse/jface/bindings/Binding;Lorg/eclipse/swt/widgets/Event;)Z+210
J  org.eclipse.ui.internal.keys.WorkbenchKeyboard.press(Ljava/util/List;Lorg/eclipse/swt/widgets/Event;)Z
j  org.eclipse.ui.internal.keys.WorkbenchKeyboard.processKeyEvent(Ljava/util/List;Lorg/eclipse/swt/widgets/Event;)V+14
j  org.eclipse.ui.internal.keys.WorkbenchKeyboard.filterKeySequenceBindings(Lorg/eclipse/swt/widgets/Event;)V+165
j  org.eclipse.ui.internal.keys.WorkbenchKeyboard.access$3(Lorg/eclipse/ui/internal/keys/WorkbenchKeyboard;Lorg/eclipse/swt/widgets/Event;)V+2
j  org.eclipse.ui.internal.keys.WorkbenchKeyboard$KeyDownFilter.handleEvent(Lorg/eclipse/swt/widgets/Event;)V+177
J  org.eclipse.swt.widgets.EventTable.sendEvent(Lorg/eclipse/swt/widgets/Event;)V
J  org.eclipse.swt.widgets.Widget.sendEvent(ILorg/eclipse/swt/widgets/Event;Z)V
J  org.eclipse.swt.widgets.Widget.sendEvent(ILorg/eclipse/swt/widgets/Event;)V
j  org.eclipse.swt.widgets.Widget.sendKeyEvent(IIIILorg/eclipse/swt/widgets/Event;)Z+4
j  org.eclipse.swt.widgets.Widget.sendKeyEvent(IIII)Z+32
j  org.eclipse.swt.widgets.Widget.wmChar(III)Lorg/eclipse/swt/internal/win32/LRESULT;+61
j  org.eclipse.swt.widgets.Control.WM_CHAR(II)Lorg/eclipse/swt/internal/win32/LRESULT;+7
j  org.eclipse.swt.widgets.Canvas.WM_CHAR(II)Lorg/eclipse/swt/internal/win32/LRESULT;+3
J  org.eclipse.swt.widgets.Control.windowProc(IIII)I
J  org.eclipse.swt.widgets.Canvas.windowProc(IIII)I
J  org.eclipse.swt.widgets.Display.windowProc(IIII)I
v  ~StubRoutines::call_stub
J  org.eclipse.swt.internal.win32.OS.DispatchMessageW(Lorg/eclipse/swt/internal/win32/MSG;)I
J  org.eclipse.swt.widgets.Display.readAndDispatch()Z
J  org.eclipse.ui.internal.Workbench.runEventLoop(Lorg/eclipse/jface/window/Window$IExceptionHandler;Lorg/eclipse/swt/widgets/Display;)V
j  org.eclipse.ui.internal.Workbench.runUI()I+555
j  org.eclipse.ui.internal.Workbench.access$4(Lorg/eclipse/ui/internal/Workbench;)I+1
j  org.eclipse.ui.internal.Workbench$7.run()V+73
j  org.eclipse.core.databinding.observable.Realm.runWithDefault(Lorg/eclipse/core/databinding/observable/Realm;Ljava/lang/Runnable;)V+12
j  org.eclipse.ui.internal.Workbench.createAndRunWorkbench(Lorg/eclipse/swt/widgets/Display;Lorg/eclipse/ui/application/WorkbenchAdvisor;)I+18
j  org.eclipse.ui.PlatformUI.createAndRunWorkbench(Lorg/eclipse/swt/widgets/Display;Lorg/eclipse/ui/application/WorkbenchAdvisor;)I+2
j  org.xmind.cathy.internal.CathyApplication.start(Lorg/eclipse/equinox/app/IApplicationContext;)Ljava/lang/Object;+80
j  org.eclipse.equinox.internal.app.EclipseAppHandle.run(Ljava/lang/Object;)Ljava/lang/Object;+135
j  org.eclipse.core.runtime.internal.adaptor.EclipseAppLauncher.runApplication(Ljava/lang/Object;)Ljava/lang/Object;+103
j  org.eclipse.core.runtime.internal.adaptor.EclipseAppLauncher.start(Ljava/lang/Object;)Ljava/lang/Object;+29
j  org.eclipse.core.runtime.adaptor.EclipseStarter.run(Ljava/lang/Object;)Ljava/lang/Object;+149
j  org.eclipse.core.runtime.adaptor.EclipseStarter.run([Ljava/lang/String;Ljava/lang/Runnable;)Ljava/lang/Object;+183
v  ~StubRoutines::call_stub
j  sun.reflect.NativeMethodAccessorImpl.invoke0(Ljava/lang/reflect/Method;Ljava/lang/Object;[Ljava/lang/Object;)Ljava/lang/Object;+0
j  sun.reflect.NativeMethodAccessorImpl.invoke(Ljava/lang/Object;[Ljava/lang/Object;)Ljava/lang/Object;+87
j  sun.reflect.DelegatingMethodAccessorImpl.invoke(Ljava/lang/Object;[Ljava/lang/Object;)Ljava/lang/Object;+6
j  java.lang.reflect.Method.invoke(Ljava/lang/Object;[Ljava/lang/Object;)Ljava/lang/Object;+57
j  org.eclipse.equinox.launcher.Main.invokeFramework([Ljava/lang/String;[Ljava/net/URL;)V+211
j  org.eclipse.equinox.launcher.Main.basicRun([Ljava/lang/String;)V+126
j  org.eclipse.equinox.launcher.Main.run([Ljava/lang/String;)I+4
v  ~StubRoutines::call_stub

---------------  P R O C E S S  ---------------

Java Threads: ( => current thread )
  0x06839800 JavaThread "Worker-23" [_thread_blocked, id=7080, stack(0x14a80000,0x14b80000)]
  0x06839400 JavaThread "Worker-22" [_thread_in_native, id=10688, stack(0x0c4d0000,0x0c5d0000)]
  0x06837800 JavaThread "Worker-20" [_thread_blocked, id=6972, stack(0x0c6d0000,0x0c7d0000)]
  0x0683a400 JavaThread "Java2D Disposer" daemon [_thread_blocked, id=3820, stack(0x0a470000,0x0a570000)]
  0x06838000 JavaThread "XMind: Auto Save Temporary Workbooks" daemon [_thread_blocked, id=4216, stack(0x07650000,0x07750000)]
  0x05ba4c00 JavaThread "Bundle File Closer" daemon [_thread_blocked, id=11788, stack(0x06350000,0x06450000)]
  0x05b11c00 JavaThread "Worker-JM" [_thread_blocked, id=8876, stack(0x06250000,0x06350000)]
  0x05a6b000 JavaThread "Framework Event Dispatcher" daemon [_thread_blocked, id=756, stack(0x06150000,0x06250000)]
  0x05a8e400 JavaThread "Start Level Event Dispatcher" daemon [_thread_blocked, id=6412, stack(0x06050000,0x06150000)]
  0x05a5ac00 JavaThread "State Data Manager" daemon [_thread_blocked, id=6604, stack(0x05f50000,0x06050000)]
  0x05471400 JavaThread "Framework Active Thread" [_thread_blocked, id=11716, stack(0x05e50000,0x05f50000)]
  0x02716c00 JavaThread "Service Thread" daemon [_thread_blocked, id=9220, stack(0x05040000,0x05140000)]
  0x02711000 JavaThread "C1 CompilerThread0" daemon [_thread_blocked, id=4312, stack(0x04f00000,0x05000000)]
  0x0270fc00 JavaThread "Attach Listener" daemon [_thread_blocked, id=7048, stack(0x04dc0000,0x04ec0000)]
  0x0270cc00 JavaThread "Signal Dispatcher" daemon [_thread_blocked, id=12224, stack(0x04c80000,0x04d80000)]
  0x026f6c00 JavaThread "Finalizer" daemon [_thread_blocked, id=10172, stack(0x04b40000,0x04c40000)]
  0x026f5000 JavaThread "Reference Handler" daemon [_thread_blocked, id=5572, stack(0x04a00000,0x04b00000)]
=>0x0264a800 JavaThread "main" [_thread_in_native, id=12276, stack(0x00090000,0x00190000)]

Other Threads:
  0x026f3800 VMThread [stack: 0x04900000,0x04a00000] [id=2796]
  0x0273c000 WatcherThread [stack: 0x05180000,0x05280000] [id=11376]

VM state:not at safepoint (normal execution)

VM Mutex/Monitor currently owned by a thread: None

Heap
 def new generation   total 78656K, used 21461K [0x24520000, 0x29a70000, 0x29a70000)
  eden space 69952K,  29% used [0x24520000, 0x25956f60, 0x28970000)
  from space 8704K,   8% used [0x28970000, 0x28a2e6d8, 0x291f0000)
  to   space 8704K,   0% used [0x291f0000, 0x291f0000, 0x29a70000)
 tenured generation   total 174784K, used 138419K [0x29a70000, 0x34520000, 0x34520000)
   the space 174784K,  79% used [0x29a70000, 0x3219cfa8, 0x3219d000, 0x34520000)
 compacting perm gen  total 23552K, used 23301K [0x34520000, 0x35c20000, 0x38520000)
   the space 23552K,  98% used [0x34520000, 0x35be1418, 0x35be1600, 0x35c20000)
    ro space 10240K,  42% used [0x38520000, 0x3895e578, 0x3895e600, 0x38f20000)
    rw space 12288K,  54% used [0x38f20000, 0x3959f0e8, 0x3959f200, 0x39b20000)

Code Cache  [0x027d0000, 0x03130000, 0x047d0000)
 total_blobs=5431 nmethods=5174 adapters=188 free_code_cache=23211Kb largest_free_block=23751680

Compilation events (10 events):
Event: 117551.509 Thread 0x02711000 5283             org.eclipse.core.commands.Command$2::handlerChanged (38 bytes)
Event: 117551.510 Thread 0x02711000 nmethod 5283 0x03126c88 code [0x03126da0, 0x03126f28]
Event: 117557.381 Thread 0x02711000 5284             java.util.Arrays::fill (21 bytes)
Event: 117557.382 Thread 0x02711000 nmethod 5284 0x03127048 code [0x03127140, 0x03127250]
Event: 117658.234 Thread 0x02711000 5285             com.sun.org.apache.xerces.internal.impl.XMLVersionDetector::reset (72 bytes)
Event: 117658.250 Thread 0x02711000 nmethod 5285 0x03127348 code [0x031274f0, 0x03127918]
Event: 117658.250 Thread 0x02711000 5286   !         com.sun.org.apache.xerces.internal.impl.XMLVersionDetector::determineDocVersion (274 bytes)
Event: 117658.251 Thread 0x02711000 nmethod 5286 0x03127f08 code [0x03128120, 0x03128618]
Event: 117658.251 Thread 0x02711000 5287             com.sun.org.apache.xerces.internal.impl.XMLEntityScanner::skipString (100 bytes)
Event: 117658.251 Thread 0x02711000 nmethod 5287 0x03128fc8 code [0x031290e0, 0x0312925c]

GC Heap History (10 events):
Event: 117573.901 GC heap before
{Heap before GC invocations=1664 (full 15):
 def new generation   total 78656K, used 77971K [0x24520000, 0x29a70000, 0x29a70000)
  eden space 69952K,  99% used [0x24520000, 0x288c4f00, 0x28970000)
  from space 8704K, 100% used [0x291f0000, 0x29a70000, 0x29a70000)
  to   space 8704K,   0% used [0x28970000, 0x28970000, 0x291f0000)
 tenured generation   total 174784K, used 133760K [0x29a70000, 0x34520000, 0x34520000)
   the space 174784K,  76% used [0x29a70000, 0x31d10318, 0x31d10400, 0x34520000)
 compacting perm gen  total 23552K, used 23300K [0x34520000, 0x35c20000, 0x38520000)
   the space 23552K,  98% used [0x34520000, 0x35be13e8, 0x35be1400, 0x35c20000)
    ro space 10240K,  42% used [0x38520000, 0x3895e578, 0x3895e600, 0x38f20000)
    rw space 12288K,  54% used [0x38f20000, 0x3959f0e8, 0x3959f200, 0x39b20000)
Event: 117573.924 GC heap after
Heap after GC invocations=1665 (full 15):
 def new generation   total 78656K, used 462K [0x24520000, 0x29a70000, 0x29a70000)
  eden space 69952K,   0% used [0x24520000, 0x24520000, 0x28970000)
  from space 8704K,   5% used [0x28970000, 0x289e3b50, 0x291f0000)
  to   space 8704K,   0% used [0x291f0000, 0x291f0000, 0x29a70000)
 tenured generation   total 174784K, used 138419K [0x29a70000, 0x34520000, 0x34520000)
   the space 174784K,  79% used [0x29a70000, 0x3219cfa8, 0x3219d000, 0x34520000)
 compacting perm gen  total 23552K, used 23300K [0x34520000, 0x35c20000, 0x38520000)
   the space 23552K,  98% used [0x34520000, 0x35be13e8, 0x35be1400, 0x35c20000)
    ro space 10240K,  42% used [0x38520000, 0x3895e578, 0x3895e600, 0x38f20000)
    rw space 12288K,  54% used [0x38f20000, 0x3959f0e8, 0x3959f200, 0x39b20000)
}
Event: 117581.054 GC heap before
{Heap before GC invocations=1665 (full 15):
 def new generation   total 78656K, used 70231K [0x24520000, 0x29a70000, 0x29a70000)
  eden space 69952K,  99% used [0x24520000, 0x28942490, 0x28970000)
  from space 8704K,   5% used [0x28970000, 0x289e3b50, 0x291f0000)
  to   space 8704K,   0% used [0x291f0000, 0x291f0000, 0x29a70000)
 tenured generation   total 174784K, used 138419K [0x29a70000, 0x34520000, 0x34520000)
   the space 174784K,  79% used [0x29a70000, 0x3219cfa8, 0x3219d000, 0x34520000)
 compacting perm gen  total 23552K, used 23300K [0x34520000, 0x35c20000, 0x38520000)
   the space 23552K,  98% used [0x34520000, 0x35be13e8, 0x35be1400, 0x35c20000)
    ro space 10240K,  42% used [0x38520000, 0x3895e578, 0x3895e600, 0x38f20000)
    rw space 12288K,  54% used [0x38f20000, 0x3959f0e8, 0x3959f200, 0x39b20000)
Event: 117581.059 GC heap after
Heap after GC invocations=1666 (full 15):
 def new generation   total 78656K, used 443K [0x24520000, 0x29a70000, 0x29a70000)
  eden space 69952K,   0% used [0x24520000, 0x24520000, 0x28970000)
  from space 8704K,   5% used [0x291f0000, 0x2925ed70, 0x29a70000)
  to   space 8704K,   0% used [0x28970000, 0x28970000, 0x291f0000)
 tenured generation   total 174784K, used 138419K [0x29a70000, 0x34520000, 0x34520000)
   the space 174784K,  79% used [0x29a70000, 0x3219cfa8, 0x3219d000, 0x34520000)
 compacting perm gen  total 23552K, used 23300K [0x34520000, 0x35c20000, 0x38520000)
   the space 23552K,  98% used [0x34520000, 0x35be13e8, 0x35be1400, 0x35c20000)
    ro space 10240K,  42% used [0x38520000, 0x3895e578, 0x3895e600, 0x38f20000)
    rw space 12288K,  54% used [0x38f20000, 0x3959f0e8, 0x3959f200, 0x39b20000)
}
Event: 117585.329 GC heap before
{Heap before GC invocations=1666 (full 15):
 def new generation   total 78656K, used 70395K [0x24520000, 0x29a70000, 0x29a70000)
  eden space 69952K, 100% used [0x24520000, 0x28970000, 0x28970000)
  from space 8704K,   5% used [0x291f0000, 0x2925ed70, 0x29a70000)
  to   space 8704K,   0% used [0x28970000, 0x28970000, 0x291f0000)
 tenured generation   total 174784K, used 138419K [0x29a70000, 0x34520000, 0x34520000)
   the space 174784K,  79% used [0x29a70000, 0x3219cfa8, 0x3219d000, 0x34520000)
 compacting perm gen  total 23552K, used 23300K [0x34520000, 0x35c20000, 0x38520000)
   the space 23552K,  98% used [0x34520000, 0x35be13e8, 0x35be1400, 0x35c20000)
    ro space 10240K,  42% used [0x38520000, 0x3895e578, 0x3895e600, 0x38f20000)
    rw space 12288K,  54% used [0x38f20000, 0x3959f0e8, 0x3959f200, 0x39b20000)
Event: 117585.336 GC heap after
Heap after GC invocations=1667 (full 15):
 def new generation   total 78656K, used 671K [0x24520000, 0x29a70000, 0x29a70000)
  eden space 69952K,   0% used [0x24520000, 0x24520000, 0x28970000)
  from space 8704K,   7% used [0x28970000, 0x28a17c68, 0x291f0000)
  to   space 8704K,   0% used [0x291f0000, 0x291f0000, 0x29a70000)
 tenured generation   total 174784K, used 138419K [0x29a70000, 0x34520000, 0x34520000)
   the space 174784K,  79% used [0x29a70000, 0x3219cfa8, 0x3219d000, 0x34520000)
 compacting perm gen  total 23552K, used 23300K [0x34520000, 0x35c20000, 0x38520000)
   the space 23552K,  98% used [0x34520000, 0x35be13e8, 0x35be1400, 0x35c20000)
    ro space 10240K,  42% used [0x38520000, 0x3895e578, 0x3895e600, 0x38f20000)
    rw space 12288K,  54% used [0x38f20000, 0x3959f0e8, 0x3959f200, 0x39b20000)
}
Event: 117634.761 GC heap before
{Heap before GC invocations=1667 (full 15):
 def new generation   total 78656K, used 70412K [0x24520000, 0x29a70000, 0x29a70000)
  eden space 69952K,  99% used [0x24520000, 0x2893b5d8, 0x28970000)
  from space 8704K,   7% used [0x28970000, 0x28a17c68, 0x291f0000)
  to   space 8704K,   0% used [0x291f0000, 0x291f0000, 0x29a70000)
 tenured generation   total 174784K, used 138419K [0x29a70000, 0x34520000, 0x34520000)
   the space 174784K,  79% used [0x29a70000, 0x3219cfa8, 0x3219d000, 0x34520000)
 compacting perm gen  total 23552K, used 23300K [0x34520000, 0x35c20000, 0x38520000)
   the space 23552K,  98% used [0x34520000, 0x35be13e8, 0x35be1400, 0x35c20000)
    ro space 10240K,  42% used [0x38520000, 0x3895e578, 0x3895e600, 0x38f20000)
    rw space 12288K,  54% used [0x38f20000, 0x3959f0e8, 0x3959f200, 0x39b20000)
Event: 117634.769 GC heap after
Heap after GC invocations=1668 (full 15):
 def new generation   total 78656K, used 676K [0x24520000, 0x29a70000, 0x29a70000)
  eden space 69952K,   0% used [0x24520000, 0x24520000, 0x28970000)
  from space 8704K,   7% used [0x291f0000, 0x29299260, 0x29a70000)
  to   space 8704K,   0% used [0x28970000, 0x28970000, 0x291f0000)
 tenured generation   total 174784K, used 138419K [0x29a70000, 0x34520000, 0x34520000)
   the space 174784K,  79% used [0x29a70000, 0x3219cfa8, 0x3219d000, 0x34520000)
 compacting perm gen  total 23552K, used 23300K [0x34520000, 0x35c20000, 0x38520000)
   the space 23552K,  98% used [0x34520000, 0x35be13e8, 0x35be1400, 0x35c20000)
    ro space 10240K,  42% used [0x38520000, 0x3895e578, 0x3895e600, 0x38f20000)
    rw space 12288K,  54% used [0x38f20000, 0x3959f0e8, 0x3959f200, 0x39b20000)
}
Event: 117650.709 GC heap before
{Heap before GC invocations=1668 (full 15):
 def new generation   total 78656K, used 70628K [0x24520000, 0x29a70000, 0x29a70000)
  eden space 69952K, 100% used [0x24520000, 0x28970000, 0x28970000)
  from space 8704K,   7% used [0x291f0000, 0x29299260, 0x29a70000)
  to   space 8704K,   0% used [0x28970000, 0x28970000, 0x291f0000)
 tenured generation   total 174784K, used 138419K [0x29a70000, 0x34520000, 0x34520000)
   the space 174784K,  79% used [0x29a70000, 0x3219cfa8, 0x3219d000, 0x34520000)
 compacting perm gen  total 23552K, used 23300K [0x34520000, 0x35c20000, 0x38520000)
   the space 23552K,  98% used [0x34520000, 0x35be13e8, 0x35be1400, 0x35c20000)
    ro space 10240K,  42% used [0x38520000, 0x3895e578, 0x3895e600, 0x38f20000)
    rw space 12288K,  54% used [0x38f20000, 0x3959f0e8, 0x3959f200, 0x39b20000)
Event: 117650.716 GC heap after
Heap after GC invocations=1669 (full 15):
 def new generation   total 78656K, used 761K [0x24520000, 0x29a70000, 0x29a70000)
  eden space 69952K,   0% used [0x24520000, 0x24520000, 0x28970000)
  from space 8704K,   8% used [0x28970000, 0x28a2e6d8, 0x291f0000)
  to   space 8704K,   0% used [0x291f0000, 0x291f0000, 0x29a70000)
 tenured generation   total 174784K, used 138419K [0x29a70000, 0x34520000, 0x34520000)
   the space 174784K,  79% used [0x29a70000, 0x3219cfa8, 0x3219d000, 0x34520000)
 compacting perm gen  total 23552K, used 23300K [0x34520000, 0x35c20000, 0x38520000)
   the space 23552K,  98% used [0x34520000, 0x35be13e8, 0x35be1400, 0x35c20000)
    ro space 10240K,  42% used [0x38520000, 0x3895e578, 0x3895e600, 0x38f20000)
    rw space 12288K,  54% used [0x38f20000, 0x3959f0e8, 0x3959f200, 0x39b20000)
}

Deoptimization events (0 events):
No events

Internal exceptions (10 events):
Event: 114446.498 Thread 0x0264a800 Threw 0x2689a980 at C:\jdk7u2_32P\jdk7u4\hotspot\src\share\vm\prims\jvm.cpp:1166
Event: 114446.498 Thread 0x0264a800 Threw 0x2689afb0 at C:\jdk7u2_32P\jdk7u4\hotspot\src\share\vm\prims\jvm.cpp:1166
Event: 114451.774 Thread 0x0264a800 Threw 0x25d75700 at C:\jdk7u2_32P\jdk7u4\hotspot\src\share\vm\prims\jvm.cpp:1166
Event: 114451.774 Thread 0x0264a800 Threw 0x25d75bc8 at C:\jdk7u2_32P\jdk7u4\hotspot\src\share\vm\classfile\systemDictionary.cpp:179
Event: 114451.774 Thread 0x0264a800 Threw 0x25d763f8 at C:\jdk7u2_32P\jdk7u4\hotspot\src\share\vm\prims\jvm.cpp:1166
Event: 114451.774 Thread 0x0264a800 Threw 0x25d76a28 at C:\jdk7u2_32P\jdk7u4\hotspot\src\share\vm\prims\jvm.cpp:1166
Event: 114458.269 Thread 0x0264a800 Threw 0x2607ac40 at C:\jdk7u2_32P\jdk7u4\hotspot\src\share\vm\prims\jvm.cpp:1166
Event: 114458.300 Thread 0x0264a800 Threw 0x2607b1c0 at C:\jdk7u2_32P\jdk7u4\hotspot\src\share\vm\classfile\systemDictionary.cpp:179
Event: 114458.300 Thread 0x0264a800 Threw 0x2607ba98 at C:\jdk7u2_32P\jdk7u4\hotspot\src\share\vm\prims\jvm.cpp:1166
Event: 114458.300 Thread 0x0264a800 Threw 0x2607c100 at C:\jdk7u2_32P\jdk7u4\hotspot\src\share\vm\prims\jvm.cpp:1166

Events (10 events):
Event: 117594.228 Thread 0x06838c00 Thread exited: 0x06838c00
Event: 117596.080 Thread 0x06838c00 Thread added: 0x06838c00
Event: 117598.883 Executing VM operation: RevokeBias
Event: 117598.884 Executing VM operation: RevokeBias done
Event: 117598.884 Thread 0x06838c00 Thread exited: 0x06838c00
Event: 117611.664 Thread 0x06837400 Thread exited: 0x06837400
Event: 117634.761 Executing VM operation: GenCollectForAllocation
Event: 117634.769 Executing VM operation: GenCollectForAllocation done
Event: 117650.708 Executing VM operation: GenCollectForAllocation
Event: 117650.716 Executing VM operation: GenCollectForAllocation done


Dynamic libraries:
0x00400000 - 0x0040d000 	C:\Program Files (x86)\XMind\XMind.exe
0x77d20000 - 0x77ea0000 	C:\Windows\SysWOW64\ntdll.dll
0x75e50000 - 0x75f60000 	C:\Windows\syswow64\kernel32.dll
0x77270000 - 0x772b6000 	C:\Windows\syswow64\KERNELBASE.dll
0x759c0000 - 0x75ac0000 	C:\Windows\syswow64\USER32.dll
0x75760000 - 0x757f0000 	C:\Windows\syswow64\GDI32.dll
0x75750000 - 0x7575a000 	C:\Windows\syswow64\LPK.dll
0x76e90000 - 0x76f2d000 	C:\Windows\syswow64\USP10.dll
0x76f30000 - 0x76fdc000 	C:\Windows\syswow64\msvcrt.dll
0x770b0000 - 0x77150000 	C:\Windows\syswow64\ADVAPI32.dll
0x757f0000 - 0x75809000 	C:\Windows\SysWOW64\sechost.dll
0x75fa0000 - 0x76090000 	C:\Windows\syswow64\RPCRT4.dll
0x75400000 - 0x75460000 	C:\Windows\syswow64\SspiCli.dll
0x753f0000 - 0x753fc000 	C:\Windows\syswow64\CRYPTBASE.dll
0x75210000 - 0x75294000 	C:\Windows\WinSxS\x86_microsoft.windows.common-controls_6595b64144ccf1df_5.82.7601.17514_none_ec83dffa859149af\COMCTL32.dll
0x75690000 - 0x756f0000 	C:\Windows\system32\IMM32.DLL
0x76fe0000 - 0x770ac000 	C:\Windows\syswow64\MSCTF.dll
0x72000000 - 0x7200d000 	C:\Program Files (x86)\XMind\plugins\org.eclipse.equinox.launcher.win32.win32.x86_1.1.100.v20110502\eclipse_1406.dll
0x75320000 - 0x75329000 	C:\Windows\system32\VERSION.dll
0x733c0000 - 0x73440000 	C:\Windows\system32\uxtheme.dll
0x76240000 - 0x76e8a000 	C:\Windows\syswow64\SHELL32.dll
0x75460000 - 0x754b7000 	C:\Windows\syswow64\SHLWAPI.dll
0x10000000 - 0x1000e000 	C:\Program Files (x86)\Iminent\Iminent.WinCore.dll
0x500e0000 - 0x5042a000 	C:\Program Files (x86)\Java\jre7\bin\client\jvm.dll
0x752f0000 - 0x752f7000 	C:\Windows\system32\WSOCK32.dll
0x75f60000 - 0x75f95000 	C:\Windows\syswow64\WS2_32.dll
0x75e40000 - 0x75e46000 	C:\Windows\syswow64\NSI.dll
0x75150000 - 0x75182000 	C:\Windows\system32\WINMM.dll
0x754c0000 - 0x754c5000 	C:\Windows\syswow64\PSAPI.DLL
0x69b40000 - 0x69bff000 	C:\Windows\system32\MSVCR100.dll
0x683b0000 - 0x683bc000 	C:\Program Files (x86)\Java\jre7\bin\verify.dll
0x66780000 - 0x667a0000 	C:\Program Files (x86)\Java\jre7\bin\java.dll
0x67750000 - 0x67763000 	C:\Program Files (x86)\Java\jre7\bin\zip.dll
0x74f20000 - 0x74f36000 	C:\Windows\system32\CRYPTSP.dll
0x74ee0000 - 0x74f1b000 	C:\Windows\system32\rsaenh.dll
0x75130000 - 0x75147000 	C:\Windows\system32\USERENV.dll
0x75120000 - 0x7512b000 	C:\Windows\system32\profapi.dll
0x65b90000 - 0x65ba4000 	C:\Program Files (x86)\Java\jre7\bin\net.dll
0x73580000 - 0x735bc000 	C:\Windows\system32\mswsock.dll
0x72cb0000 - 0x72cb6000 	C:\Windows\System32\wship6.dll
0x72e60000 - 0x72e70000 	C:\Windows\system32\NLAapi.dll
0x72e50000 - 0x72e60000 	C:\Windows\system32\napinsp.dll
0x72e30000 - 0x72e42000 	C:\Windows\system32\pnrpnsp.dll
0x72e20000 - 0x72e2d000 	C:\Windows\system32\wshbth.dll
0x72dd0000 - 0x72e14000 	C:\Windows\system32\DNSAPI.dll
0x72dc0000 - 0x72dc8000 	C:\Windows\System32\winrnr.dll
0x72da0000 - 0x72da5000 	C:\Windows\System32\wshtcpip.dll
0x73870000 - 0x7388c000 	C:\Windows\system32\IPHLPAPI.DLL
0x736c0000 - 0x736c7000 	C:\Windows\system32\WINNSI.DLL
0x72db0000 - 0x72db6000 	C:\Windows\system32\rasadhlp.dll
0x72eb0000 - 0x72ee8000 	C:\Windows\System32\fwpuclnt.dll
0x683c0000 - 0x683cf000 	C:\Program Files (x86)\Java\jre7\bin\nio.dll
0x74a80000 - 0x74a8f000 	C:\Users\lorena\Application Data\XMind\configuration-cathy\org.eclipse.osgi\bundles\128\1\.cp\jWinHttp-1.0.0.dll
0x734b0000 - 0x73508000 	C:\Windows\system32\WINHTTP.dll
0x73440000 - 0x7348f000 	C:\Windows\system32\webio.dll
0x760e0000 - 0x7623c000 	C:\Windows\syswow64\ole32.dll
0x72ea0000 - 0x72ead000 	C:\Windows\system32\dhcpcsvc6.DLL
0x735d0000 - 0x735e2000 	C:\Windows\system32\dhcpcsvc.DLL
0x05940000 - 0x059ae000 	C:\Users\lorena\Application Data\XMind\configuration-cathy\org.eclipse.osgi\bundles\291\1\.cp\swt-win32-3740.dll
0x75db0000 - 0x75e3f000 	C:\Windows\syswow64\OLEAUT32.dll
0x75c60000 - 0x75cdb000 	C:\Windows\syswow64\comdlg32.dll
0x74f40000 - 0x750de000 	C:\Windows\WinSxS\x86_microsoft.windows.common-controls_6595b64144ccf1df_6.0.7601.17514_none_41e6975e2bd6f2b2\COMCTL32.dll
0x751b0000 - 0x75201000 	C:\Windows\system32\WINSPOOL.DRV
0x758a0000 - 0x759bb000 	C:\Windows\syswow64\WININET.dll
0x75d70000 - 0x75d73000 	C:\Windows\syswow64\Normaliz.dll
0x754d0000 - 0x75688000 	C:\Windows\syswow64\iertutil.dll
0x77150000 - 0x77261000 	C:\Windows\syswow64\urlmon.dll
0x75b10000 - 0x75c2e000 	C:\Windows\syswow64\CRYPT32.dll
0x77cf0000 - 0x77cfc000 	C:\Windows\syswow64\MSASN1.dll
0x73490000 - 0x734a3000 	C:\Windows\system32\dwmapi.dll
0x74d40000 - 0x74e35000 	C:\Windows\system32\propsys.dll
0x75810000 - 0x75893000 	C:\Windows\syswow64\CLBCatQ.DLL
0x058f0000 - 0x0590d000 	C:\Users\lorena\Application Data\XMind\configuration-cathy\org.eclipse.osgi\bundles\291\1\.cp\swt-gdip-win32-3740.dll
0x73230000 - 0x733c0000 	C:\Windows\WinSxS\x86_microsoft.windows.gdiplus_6595b64144ccf1df_1.1.7601.17825_none_72d273598668a06b\gdiplus.dll
0x6a0c0000 - 0x6a1bb000 	C:\Windows\system32\WindowsCodecs.dll
0x752b0000 - 0x752ec000 	C:\Windows\system32\oleacc.dll
0x61460000 - 0x615cf000 	C:\Windows\system32\explorerframe.dll
0x61940000 - 0x6196f000 	C:\Windows\system32\DUser.dll
0x617b0000 - 0x61862000 	C:\Windows\system32\DUI70.dll
0x736a0000 - 0x736ae000 	C:\Windows\system32\RpcRtRemote.dll
0x752a0000 - 0x752a5000 	C:\Windows\system32\msimg32.dll
0x72d00000 - 0x72d4c000 	C:\Windows\system32\apphelp.dll
0x095f0000 - 0x09607000 	C:\Users\lorena\AppData\Roaming\Dropbox\bin\DropboxExt.14.dll
0x736d0000 - 0x737bb000 	C:\Windows\system32\dbghelp.dll
0x7c3a0000 - 0x7c41b000 	C:\Users\lorena\AppData\Roaming\Dropbox\bin\MSVCP71.dll
0x7c340000 - 0x7c396000 	C:\Users\lorena\AppData\Roaming\Dropbox\bin\MSVCR71.dll
0x63140000 - 0x63171000 	C:\Windows\system32\EhStorShell.dll
0x772c0000 - 0x7745d000 	C:\Windows\syswow64\SETUPAPI.dll
0x75c30000 - 0x75c57000 	C:\Windows\syswow64\CFGMGR32.dll
0x75ac0000 - 0x75ad2000 	C:\Windows\syswow64\DEVOBJ.dll
0x72c10000 - 0x72c80000 	C:\Windows\system32\ntshrui.dll
0x73600000 - 0x73619000 	C:\Windows\system32\srvcli.dll
0x72ce0000 - 0x72ceb000 	C:\Windows\system32\cscapi.dll
0x72cd0000 - 0x72cda000 	C:\Windows\system32\slc.dll
0x08f30000 - 0x08f3e000 	C:\Users\lorena\Application Data\XMind\configuration-cathy\org.eclipse.osgi\bundles\109\1\.cp\os\win32\x86\localfile_1_0_0.dll
0x5f2f0000 - 0x5f432000 	C:\Program Files (x86)\Java\jre7\bin\awt.dll
0x72790000 - 0x727ba000 	C:\Program Files (x86)\Java\jre7\bin\fontmanager.dll
0x67e70000 - 0x67e9b000 	C:\Windows\system32\msls31.dll
0x750f0000 - 0x75111000 	C:\Windows\system32\ntmarta.dll
0x76090000 - 0x760d5000 	C:\Windows\syswow64\WLDAP32.dll
0x67660000 - 0x6768f000 	C:\Windows\system32\xmllite.dll
0x67db0000 - 0x67e0c000 	C:\Windows\System32\StructuredQuery.dll
0x73690000 - 0x73698000 	C:\Windows\System32\Secur32.dll
0x72b80000 - 0x72b96000 	C:\Windows\SysWOW64\thumbcache.dll
0x61910000 - 0x6193e000 	C:\Windows\system32\SHDOCVW.dll
0x66c60000 - 0x675ad000 	C:\Windows\system32\ieframe.DLL
0x72650000 - 0x7265f000 	C:\Windows\system32\samcli.dll
0x72630000 - 0x72642000 	C:\Windows\system32\SAMLIB.dll
0x73620000 - 0x73629000 	C:\Windows\system32\netutils.dll
0x68500000 - 0x685a0000 	C:\Windows\system32\SearchFolder.dll
0x74d30000 - 0x74d39000 	C:\Windows\system32\LINKINFO.dll
0x67f40000 - 0x680d8000 	C:\Windows\system32\NetworkExplorer.dll
0x735f0000 - 0x735ff000 	C:\Windows\system32\wkscli.dll
0x75300000 - 0x75312000 	C:\Windows\system32\MPR.dll
0x72760000 - 0x72768000 	C:\Windows\System32\drprov.dll
0x73650000 - 0x73679000 	C:\Windows\System32\WINSTA.dll
0x684e0000 - 0x684f4000 	C:\Windows\System32\ntlanman.dll
0x6c560000 - 0x6c577000 	C:\Windows\System32\davclnt.dll
0x726a0000 - 0x726a8000 	C:\Windows\System32\DAVHLPR.dll
0x75d80000 - 0x75dad000 	C:\Windows\syswow64\WINTRUST.dll
0x74a20000 - 0x74a7f000 	C:\Windows\system32\SXS.DLL
0x68780000 - 0x687ae000 	C:\Windows\system32\mlang.dll
0x64910000 - 0x6491e000 	C:\ProgramData\Real\RealPlayer\BrowserRecordPlugin\Chrome\Hook\rpchrome14browserrecordhelper.dll
0x737c0000 - 0x73863000 	C:\Windows\WinSxS\x86_microsoft.vc90.crt_1fc8b3b9a1e18e3b_9.0.30729.6161_none_50934f2ebcb7eb57\MSVCR90.dll
0x73890000 - 0x7391e000 	C:\Windows\WinSxS\x86_microsoft.vc90.crt_1fc8b3b9a1e18e3b_9.0.30729.6161_none_50934f2ebcb7eb57\MSVCP90.dll
0x08e90000 - 0x08ea3000 	C:\Users\lorena\Application Data\XMind\configuration-cathy\org.eclipse.osgi\bundles\291\1\.cp\swt-xulrunner-win32-3740.dll
0x5fe40000 - 0x60a04000 	C:\Windows\SysWOW64\mshtml.dll
0x74240000 - 0x7424b000 	C:\Windows\system32\msimtf.dll

VM Arguments:
jvm_args: -Dosgi.requiredJavaVersion=1.5 -Dorg.xmind.product.distribution.id=cathy_win32 
java_command: <unknown>
Launcher Type: generic

Environment Variables:
JAVA_HOME=C:\Program Files\Java\jdk1.6.0_27
CLASSPATH=.;C:\Program Files (x86)\Java\jre7\lib\ext\QTJava.zip
PATH=C:/Program Files (x86)/Java/jre7/bin/client;C:/Program Files (x86)/Java/jre7/bin;C:/Program Files (x86)/Java/jre7/lib/i386;C:\Windows\system32;C:\Windows;C:\Windows\System32\Wbem;C:\Windows\System32\WindowsPowerShell\v1.0\;C:\Program Files (x86)\Microsoft SQL Server\90\Tools\binn\;C:\grails\bin;C:\Program Files\Java\jdk1.6.0_27\bin;PROGRAMFILES\Internet Explorer;C:\Program Files (x86)\QuickTime\QTSystem\;C:\Users\lorena\Documents\GitHub\projeto-joao-grilo\Grupo Elicitare Projetos\estrategia\Gestão de Tempo;
USERNAME=lorena
OS=Windows_NT
PROCESSOR_IDENTIFIER=Intel64 Family 6 Model 23 Stepping 10, GenuineIntel



---------------  S Y S T E M  ---------------

OS: Windows 7 , 64 bit Build 7601 Service Pack 1

CPU:total 2 (2 cores per cpu, 1 threads per core) family 6 model 23 stepping 10, cmov, cx8, fxsr, mmx, sse, sse2, sse3, ssse3, sse4.1, tsc

Memory: 4k page, physical 4094936k(1447960k free), swap 8985144k(2297436k free)

vm_info: Java HotSpot(TM) Client VM (23.0-b21) for windows-x86 JRE (1.7.0_04-b22), built on May  3 2012 00:03:48 by "java_re" with unknown MS VC++:1600

time: Thu Sep 27 17:50:50 2012
elapsed time: 117658 seconds

